#-----------------------------------------------------------
# Vivado v2018.3 (64-bit)
# SW Build 2405991 on Thu Dec  6 23:38:27 MST 2018
# IP Build 2404404 on Fri Dec  7 01:43:56 MST 2018
# Start of session at: Tue Feb  7 14:47:50 2023
# Process ID: 10360
# Current directory: D:/Assignment/Codes/Digital Design/project_3
# Command line: vivado.exe -gui_launcher_event rodinguilauncherevent13592 D:\Assignment\Codes\Digital Design\project_3\project_3.xpr
# Log file: D:/Assignment/Codes/Digital Design/project_3/vivado.log
# Journal file: D:/Assignment/Codes/Digital Design/project_3\vivado.jou
#-----------------------------------------------------------
start_gui
open_project {D:/Assignment/Codes/Digital Design/project_3/project_3.xpr}
Scanning sources...
Finished scanning sources
INFO: [IP_Flow 19-234] Refreshing IP repositories
INFO: [IP_Flow 19-1704] No user IP repositories specified
INFO: [IP_Flow 19-2313] Loaded Vivado IP repository 'D:/Xilinx/Vivado/2018.3/data/ip'.
open_project: Time (s): cpu = 00:00:20 ; elapsed = 00:00:20 . Memory (MB): peak = 780.602 ; gain = 152.160
update_compile_order -fileset sources_1
exit
INFO: [Common 17-206] Exiting Vivado at Tue Feb  7 14:48:36 2023...
